2022-02-12 21:59:10,105 - app - DEBUG - REGISTERING BLENDARMOCAP (ui_registration.py:40)
2022-02-12 21:59:10,105 - app - DEBUG - <class '_blender.interface.ui_preferences.PREFERENCES_OT_install_dependencies_button'> (ui_registration.py:43)
2022-02-12 21:59:10,105 - app - DEBUG - <class '_blender.interface.ui_preferences.BLENDARMOCAP_preferences'> (ui_registration.py:43)
2022-02-12 21:59:10,105 - app - DEBUG - <class '_blender.interface.ui_panels.UI_PT_warning_panel'> (ui_registration.py:43)
2022-02-12 21:59:10,105 - app - DEBUG - TRY ACCESS INSTALLED DEPENDENCIES (ui_registration.py:47)
2022-02-12 21:59:10,105 - app - DEBUG - Dependency(module='mediapipe', package=None, name=None) (ui_registration.py:49)
2022-02-12 21:59:10,907 - app - DEBUG - Dependency(module='opencv-python', package=None, name='cv2') (ui_registration.py:49)
2022-02-12 21:59:10,910 - app - INFO - REGISTER BLENDARMOCAP INTERFACE (ui_registration.py:62)
2022-02-12 21:59:10,910 - app - DEBUG - <class '_blender.interface.properties.MyProperties'> (ui_registration.py:64)
2022-02-12 21:59:10,910 - app - DEBUG - <class '_blender.interface.ui_panels.UI_transfer_anim_button'> (ui_registration.py:64)
2022-02-12 21:59:10,910 - app - DEBUG - <class '_blender.interface.stream_detection_operator.WM_modal_detection_operator'> (ui_registration.py:64)
2022-02-12 21:59:10,910 - app - DEBUG - <class '_blender.interface.ui_panels.UI_PT_main_panel'> (ui_registration.py:64)
2022-02-12 21:59:11,659 - app - INFO - UNREGISTER BLENDARMOCAP (ui_registration.py:70)
2022-02-12 21:59:11,665 - app - DEBUG - <class '_blender.interface.ui_preferences.PREFERENCES_OT_install_dependencies_button'> (ui_registration.py:72)
2022-02-12 21:59:11,665 - app - DEBUG - <class '_blender.interface.ui_preferences.BLENDARMOCAP_preferences'> (ui_registration.py:72)
2022-02-12 21:59:11,665 - app - DEBUG - <class '_blender.interface.ui_panels.UI_PT_warning_panel'> (ui_registration.py:72)
2022-02-12 21:59:11,665 - app - INFO - UNREGISTER BLENDARMOCAP WITH ACTIVE DEPENDENCIES (ui_registration.py:76)
2022-02-12 21:59:11,665 - app - DEBUG - <class '_blender.interface.ui_panels.UI_PT_main_panel'> (ui_registration.py:79)
2022-02-12 21:59:11,665 - app - DEBUG - <class '_blender.interface.stream_detection_operator.WM_modal_detection_operator'> (ui_registration.py:79)
2022-02-12 21:59:11,665 - app - DEBUG - <class '_blender.interface.ui_panels.UI_transfer_anim_button'> (ui_registration.py:79)
2022-02-12 21:59:11,665 - app - DEBUG - <class '_blender.interface.properties.MyProperties'> (ui_registration.py:79)
2022-02-12 22:03:48,273 - app - DEBUG - REGISTERING BLENDARMOCAP (ui_registration.py:40)
2022-02-12 22:03:48,273 - app - DEBUG - <class '_blender.interface.ui_preferences.PREFERENCES_OT_install_dependencies_button'> (ui_registration.py:43)
2022-02-12 22:03:48,273 - app - DEBUG - <class '_blender.interface.ui_preferences.BLENDARMOCAP_preferences'> (ui_registration.py:43)
2022-02-12 22:03:48,273 - app - DEBUG - <class '_blender.interface.ui_panels.UI_PT_warning_panel'> (ui_registration.py:43)
2022-02-12 22:03:48,289 - app - DEBUG - TRY ACCESS INSTALLED DEPENDENCIES (ui_registration.py:47)
2022-02-12 22:03:48,289 - app - DEBUG - Dependency(module='mediapipe', package=None, name=None) (ui_registration.py:49)
2022-02-12 22:03:49,047 - app - DEBUG - Dependency(module='opencv-python', package=None, name='cv2') (ui_registration.py:49)
2022-02-12 22:03:49,047 - app - INFO - REGISTER BLENDARMOCAP INTERFACE (ui_registration.py:62)
2022-02-12 22:03:49,047 - app - DEBUG - <class '_blender.interface.properties.MyProperties'> (ui_registration.py:64)
2022-02-12 22:03:49,047 - app - DEBUG - <class '_blender.interface.ui_panels.UI_transfer_anim_button'> (ui_registration.py:64)
2022-02-12 22:03:49,047 - app - DEBUG - <class '_blender.interface.stream_detection_operator.WM_modal_detection_operator'> (ui_registration.py:64)
2022-02-12 22:03:49,047 - app - DEBUG - <class '_blender.interface.ui_panels.UI_PT_main_panel'> (ui_registration.py:64)
2022-02-12 22:03:49,745 - app - INFO - UNREGISTER BLENDARMOCAP (ui_registration.py:70)
2022-02-12 22:03:49,749 - app - DEBUG - <class '_blender.interface.ui_preferences.PREFERENCES_OT_install_dependencies_button'> (ui_registration.py:72)
2022-02-12 22:03:49,749 - app - DEBUG - <class '_blender.interface.ui_preferences.BLENDARMOCAP_preferences'> (ui_registration.py:72)
2022-02-12 22:03:49,749 - app - DEBUG - <class '_blender.interface.ui_panels.UI_PT_warning_panel'> (ui_registration.py:72)
2022-02-12 22:03:49,749 - app - INFO - UNREGISTER BLENDARMOCAP WITH ACTIVE DEPENDENCIES (ui_registration.py:76)
2022-02-12 22:03:49,749 - app - DEBUG - <class '_blender.interface.ui_panels.UI_PT_main_panel'> (ui_registration.py:79)
2022-02-12 22:03:49,749 - app - DEBUG - <class '_blender.interface.stream_detection_operator.WM_modal_detection_operator'> (ui_registration.py:79)
2022-02-12 22:03:49,749 - app - DEBUG - <class '_blender.interface.ui_panels.UI_transfer_anim_button'> (ui_registration.py:79)
2022-02-12 22:03:49,749 - app - DEBUG - <class '_blender.interface.properties.MyProperties'> (ui_registration.py:79)
2022-02-12 22:05:07,319 - app - DEBUG - REGISTERING BLENDARMOCAP (ui_registration.py:40)
2022-02-12 22:05:07,319 - app - DEBUG - <class '_blender.interface.ui_preferences.PREFERENCES_OT_install_dependencies_button'> (ui_registration.py:43)
2022-02-12 22:05:07,319 - app - DEBUG - <class '_blender.interface.ui_preferences.BLENDARMOCAP_preferences'> (ui_registration.py:43)
2022-02-12 22:05:07,319 - app - DEBUG - <class '_blender.interface.ui_panels.UI_PT_warning_panel'> (ui_registration.py:43)
2022-02-12 22:05:07,319 - app - DEBUG - TRY ACCESS INSTALLED DEPENDENCIES (ui_registration.py:47)
2022-02-12 22:05:07,319 - app - DEBUG - Dependency(module='mediapipe', package=None, name=None) (ui_registration.py:49)
2022-02-12 22:05:08,095 - app - DEBUG - Dependency(module='opencv-python', package=None, name='cv2') (ui_registration.py:49)
2022-02-12 22:05:08,095 - app - INFO - REGISTER BLENDARMOCAP INTERFACE (ui_registration.py:62)
2022-02-12 22:05:08,095 - app - DEBUG - <class '_blender.interface.properties.MyProperties'> (ui_registration.py:64)
2022-02-12 22:05:08,095 - app - DEBUG - <class '_blender.interface.ui_panels.UI_transfer_anim_button'> (ui_registration.py:64)
2022-02-12 22:05:08,095 - app - DEBUG - <class '_blender.interface.stream_detection_operator.WM_modal_detection_operator'> (ui_registration.py:64)
2022-02-12 22:05:08,095 - app - DEBUG - <class '_blender.interface.ui_panels.UI_PT_main_panel'> (ui_registration.py:64)
2022-02-12 22:05:08,809 - app - INFO - UNREGISTER BLENDARMOCAP (ui_registration.py:70)
2022-02-12 22:05:08,809 - app - DEBUG - <class '_blender.interface.ui_preferences.PREFERENCES_OT_install_dependencies_button'> (ui_registration.py:72)
2022-02-12 22:05:08,809 - app - DEBUG - <class '_blender.interface.ui_preferences.BLENDARMOCAP_preferences'> (ui_registration.py:72)
2022-02-12 22:05:08,809 - app - DEBUG - <class '_blender.interface.ui_panels.UI_PT_warning_panel'> (ui_registration.py:72)
2022-02-12 22:05:08,809 - app - INFO - UNREGISTER BLENDARMOCAP WITH ACTIVE DEPENDENCIES (ui_registration.py:76)
2022-02-12 22:05:08,809 - app - DEBUG - <class '_blender.interface.ui_panels.UI_PT_main_panel'> (ui_registration.py:79)
2022-02-12 22:05:08,809 - app - DEBUG - <class '_blender.interface.stream_detection_operator.WM_modal_detection_operator'> (ui_registration.py:79)
2022-02-12 22:05:08,809 - app - DEBUG - <class '_blender.interface.ui_panels.UI_transfer_anim_button'> (ui_registration.py:79)
2022-02-12 22:05:08,809 - app - DEBUG - <class '_blender.interface.properties.MyProperties'> (ui_registration.py:79)
2022-02-12 22:11:28,577 - app - DEBUG - REGISTERING BLENDARMOCAP (ui_registration.py:40)
2022-02-12 22:11:28,577 - app - DEBUG - <class '_blender.interface.ui_preferences.PREFERENCES_OT_install_dependencies_button'> (ui_registration.py:43)
2022-02-12 22:11:28,577 - app - DEBUG - <class '_blender.interface.ui_preferences.BLENDARMOCAP_preferences'> (ui_registration.py:43)
2022-02-12 22:11:28,577 - app - DEBUG - <class '_blender.interface.ui_panels.UI_PT_warning_panel'> (ui_registration.py:43)
2022-02-12 22:11:28,577 - app - DEBUG - TRY ACCESS INSTALLED DEPENDENCIES (ui_registration.py:47)
2022-02-12 22:11:28,577 - app - DEBUG - Dependency(module='mediapipe', package=None, name=None) (ui_registration.py:49)
2022-02-12 22:11:29,351 - app - DEBUG - Dependency(module='opencv-python', package=None, name='cv2') (ui_registration.py:49)
2022-02-12 22:11:29,351 - app - INFO - REGISTER BLENDARMOCAP INTERFACE (ui_registration.py:62)
2022-02-12 22:11:29,351 - app - DEBUG - <class '_blender.interface.properties.MyProperties'> (ui_registration.py:64)
2022-02-12 22:11:29,351 - app - DEBUG - <class '_blender.interface.ui_panels.UI_transfer_anim_button'> (ui_registration.py:64)
2022-02-12 22:11:29,351 - app - DEBUG - <class '_blender.interface.stream_detection_operator.WM_modal_detection_operator'> (ui_registration.py:64)
2022-02-12 22:11:29,351 - app - DEBUG - <class '_blender.interface.ui_panels.UI_PT_main_panel'> (ui_registration.py:64)
2022-02-12 22:11:30,057 - app - INFO - UNREGISTER BLENDARMOCAP (ui_registration.py:70)
2022-02-12 22:11:30,065 - app - DEBUG - <class '_blender.interface.ui_preferences.PREFERENCES_OT_install_dependencies_button'> (ui_registration.py:72)
2022-02-12 22:11:30,065 - app - DEBUG - <class '_blender.interface.ui_preferences.BLENDARMOCAP_preferences'> (ui_registration.py:72)
2022-02-12 22:11:30,065 - app - DEBUG - <class '_blender.interface.ui_panels.UI_PT_warning_panel'> (ui_registration.py:72)
2022-02-12 22:11:30,065 - app - INFO - UNREGISTER BLENDARMOCAP WITH ACTIVE DEPENDENCIES (ui_registration.py:76)
2022-02-12 22:11:30,065 - app - DEBUG - <class '_blender.interface.ui_panels.UI_PT_main_panel'> (ui_registration.py:79)
2022-02-12 22:11:30,065 - app - DEBUG - <class '_blender.interface.stream_detection_operator.WM_modal_detection_operator'> (ui_registration.py:79)
2022-02-12 22:11:30,065 - app - DEBUG - <class '_blender.interface.ui_panels.UI_transfer_anim_button'> (ui_registration.py:79)
2022-02-12 22:11:30,065 - app - DEBUG - <class '_blender.interface.properties.MyProperties'> (ui_registration.py:79)
2022-02-12 22:12:12,522 - app - DEBUG - REGISTERING BLENDARMOCAP (ui_registration.py:40)
2022-02-12 22:12:12,522 - app - DEBUG - <class '_blender.interface.ui_preferences.PREFERENCES_OT_install_dependencies_button'> (ui_registration.py:43)
2022-02-12 22:12:12,522 - app - DEBUG - <class '_blender.interface.ui_preferences.BLENDARMOCAP_preferences'> (ui_registration.py:43)
2022-02-12 22:12:12,522 - app - DEBUG - <class '_blender.interface.ui_panels.UI_PT_warning_panel'> (ui_registration.py:43)
2022-02-12 22:12:12,522 - app - DEBUG - TRY ACCESS INSTALLED DEPENDENCIES (ui_registration.py:47)
2022-02-12 22:12:12,522 - app - DEBUG - Dependency(module='mediapipe', package=None, name=None) (ui_registration.py:49)
2022-02-12 22:12:13,310 - app - DEBUG - Dependency(module='opencv-python', package=None, name='cv2') (ui_registration.py:49)
2022-02-12 22:12:13,310 - app - INFO - REGISTER BLENDARMOCAP INTERFACE (ui_registration.py:62)
2022-02-12 22:12:13,310 - app - DEBUG - <class '_blender.interface.properties.MyProperties'> (ui_registration.py:64)
2022-02-12 22:12:13,310 - app - DEBUG - <class '_blender.interface.ui_panels.UI_transfer_anim_button'> (ui_registration.py:64)
2022-02-12 22:12:13,310 - app - DEBUG - <class '_blender.interface.stream_detection_operator.WM_modal_detection_operator'> (ui_registration.py:64)
2022-02-12 22:12:13,310 - app - DEBUG - <class '_blender.interface.ui_panels.UI_PT_main_panel'> (ui_registration.py:64)
2022-02-12 22:12:14,004 - app - INFO - UNREGISTER BLENDARMOCAP (ui_registration.py:70)
2022-02-12 22:12:14,004 - app - DEBUG - <class '_blender.interface.ui_preferences.PREFERENCES_OT_install_dependencies_button'> (ui_registration.py:72)
2022-02-12 22:12:14,004 - app - DEBUG - <class '_blender.interface.ui_preferences.BLENDARMOCAP_preferences'> (ui_registration.py:72)
2022-02-12 22:12:14,004 - app - DEBUG - <class '_blender.interface.ui_panels.UI_PT_warning_panel'> (ui_registration.py:72)
2022-02-12 22:12:14,004 - app - INFO - UNREGISTER BLENDARMOCAP WITH ACTIVE DEPENDENCIES (ui_registration.py:76)
2022-02-12 22:12:14,004 - app - DEBUG - <class '_blender.interface.ui_panels.UI_PT_main_panel'> (ui_registration.py:79)
2022-02-12 22:12:14,004 - app - DEBUG - <class '_blender.interface.stream_detection_operator.WM_modal_detection_operator'> (ui_registration.py:79)
2022-02-12 22:12:14,004 - app - DEBUG - <class '_blender.interface.ui_panels.UI_transfer_anim_button'> (ui_registration.py:79)
2022-02-12 22:12:14,004 - app - DEBUG - <class '_blender.interface.properties.MyProperties'> (ui_registration.py:79)
2022-02-12 22:13:00,364 - app - DEBUG - REGISTERING BLENDARMOCAP (ui_registration.py:40)
2022-02-12 22:13:00,364 - app - DEBUG - <class '_blender.interface.ui_preferences.PREFERENCES_OT_install_dependencies_button'> (ui_registration.py:43)
2022-02-12 22:13:00,364 - app - DEBUG - <class '_blender.interface.ui_preferences.BLENDARMOCAP_preferences'> (ui_registration.py:43)
2022-02-12 22:13:00,364 - app - DEBUG - <class '_blender.interface.ui_panels.UI_PT_warning_panel'> (ui_registration.py:43)
2022-02-12 22:13:00,364 - app - DEBUG - TRY ACCESS INSTALLED DEPENDENCIES (ui_registration.py:47)
2022-02-12 22:13:00,364 - app - DEBUG - Dependency(module='mediapipe', package=None, name=None) (ui_registration.py:49)
2022-02-12 22:13:01,120 - app - DEBUG - Dependency(module='opencv-python', package=None, name='cv2') (ui_registration.py:49)
2022-02-12 22:13:01,122 - app - INFO - REGISTER BLENDARMOCAP INTERFACE (ui_registration.py:62)
2022-02-12 22:13:01,122 - app - DEBUG - <class '_blender.interface.properties.MyProperties'> (ui_registration.py:64)
2022-02-12 22:13:01,122 - app - DEBUG - <class '_blender.interface.ui_panels.UI_transfer_anim_button'> (ui_registration.py:64)
2022-02-12 22:13:01,122 - app - DEBUG - <class '_blender.interface.stream_detection_operator.WM_modal_detection_operator'> (ui_registration.py:64)
2022-02-12 22:13:01,122 - app - DEBUG - <class '_blender.interface.ui_panels.UI_PT_main_panel'> (ui_registration.py:64)
2022-02-12 22:13:01,869 - app - INFO - UNREGISTER BLENDARMOCAP (ui_registration.py:70)
2022-02-12 22:13:01,869 - app - DEBUG - <class '_blender.interface.ui_preferences.PREFERENCES_OT_install_dependencies_button'> (ui_registration.py:72)
2022-02-12 22:13:01,869 - app - DEBUG - <class '_blender.interface.ui_preferences.BLENDARMOCAP_preferences'> (ui_registration.py:72)
2022-02-12 22:13:01,869 - app - DEBUG - <class '_blender.interface.ui_panels.UI_PT_warning_panel'> (ui_registration.py:72)
2022-02-12 22:13:01,869 - app - INFO - UNREGISTER BLENDARMOCAP WITH ACTIVE DEPENDENCIES (ui_registration.py:76)
2022-02-12 22:13:01,869 - app - DEBUG - <class '_blender.interface.ui_panels.UI_PT_main_panel'> (ui_registration.py:79)
2022-02-12 22:13:01,869 - app - DEBUG - <class '_blender.interface.stream_detection_operator.WM_modal_detection_operator'> (ui_registration.py:79)
2022-02-12 22:13:01,869 - app - DEBUG - <class '_blender.interface.ui_panels.UI_transfer_anim_button'> (ui_registration.py:79)
2022-02-12 22:13:01,869 - app - DEBUG - <class '_blender.interface.properties.MyProperties'> (ui_registration.py:79)
2022-02-12 22:15:04,386 - app - DEBUG - REGISTERING BLENDARMOCAP (ui_registration.py:40)
2022-02-12 22:15:04,386 - app - DEBUG - <class '_blender.interface.ui_preferences.PREFERENCES_OT_install_dependencies_button'> (ui_registration.py:43)
2022-02-12 22:15:04,386 - app - DEBUG - <class '_blender.interface.ui_preferences.BLENDARMOCAP_preferences'> (ui_registration.py:43)
2022-02-12 22:15:04,386 - app - DEBUG - <class '_blender.interface.ui_panels.UI_PT_warning_panel'> (ui_registration.py:43)
2022-02-12 22:15:04,386 - app - DEBUG - TRY ACCESS INSTALLED DEPENDENCIES (ui_registration.py:47)
2022-02-12 22:15:04,386 - app - DEBUG - Dependency(module='mediapipe', package=None, name=None) (ui_registration.py:49)
2022-02-12 22:15:05,160 - app - DEBUG - Dependency(module='opencv-python', package=None, name='cv2') (ui_registration.py:49)
2022-02-12 22:15:05,176 - app - INFO - REGISTER BLENDARMOCAP INTERFACE (ui_registration.py:62)
2022-02-12 22:15:05,177 - app - DEBUG - <class '_blender.interface.properties.MyProperties'> (ui_registration.py:64)
2022-02-12 22:15:05,177 - app - DEBUG - <class '_blender.interface.ui_panels.UI_transfer_anim_button'> (ui_registration.py:64)
2022-02-12 22:15:05,177 - app - DEBUG - <class '_blender.interface.stream_detection_operator.WM_modal_detection_operator'> (ui_registration.py:64)
2022-02-12 22:15:05,177 - app - DEBUG - <class '_blender.interface.ui_panels.UI_PT_main_panel'> (ui_registration.py:64)
2022-02-12 22:15:05,923 - app - INFO - UNREGISTER BLENDARMOCAP (ui_registration.py:70)
2022-02-12 22:15:05,923 - app - DEBUG - <class '_blender.interface.ui_preferences.PREFERENCES_OT_install_dependencies_button'> (ui_registration.py:72)
2022-02-12 22:15:05,923 - app - DEBUG - <class '_blender.interface.ui_preferences.BLENDARMOCAP_preferences'> (ui_registration.py:72)
2022-02-12 22:15:05,923 - app - DEBUG - <class '_blender.interface.ui_panels.UI_PT_warning_panel'> (ui_registration.py:72)
2022-02-12 22:15:05,923 - app - INFO - UNREGISTER BLENDARMOCAP WITH ACTIVE DEPENDENCIES (ui_registration.py:76)
2022-02-12 22:15:05,923 - app - DEBUG - <class '_blender.interface.ui_panels.UI_PT_main_panel'> (ui_registration.py:79)
2022-02-12 22:15:05,923 - app - DEBUG - <class '_blender.interface.stream_detection_operator.WM_modal_detection_operator'> (ui_registration.py:79)
2022-02-12 22:15:05,923 - app - DEBUG - <class '_blender.interface.ui_panels.UI_transfer_anim_button'> (ui_registration.py:79)
2022-02-12 22:15:05,923 - app - DEBUG - <class '_blender.interface.properties.MyProperties'> (ui_registration.py:79)
2022-02-12 22:17:39,005 - app - DEBUG - REGISTERING BLENDARMOCAP (ui_registration.py:40)
2022-02-12 22:17:39,005 - app - DEBUG - <class '_blender.interface.ui_preferences.PREFERENCES_OT_install_dependencies_button'> (ui_registration.py:43)
2022-02-12 22:17:39,005 - app - DEBUG - <class '_blender.interface.ui_preferences.BLENDARMOCAP_preferences'> (ui_registration.py:43)
2022-02-12 22:17:39,005 - app - DEBUG - <class '_blender.interface.ui_panels.UI_PT_warning_panel'> (ui_registration.py:43)
2022-02-12 22:17:39,005 - app - DEBUG - TRY ACCESS INSTALLED DEPENDENCIES (ui_registration.py:47)
2022-02-12 22:17:39,005 - app - DEBUG - Dependency(module='mediapipe', package=None, name=None) (ui_registration.py:49)
2022-02-12 22:17:39,785 - app - DEBUG - Dependency(module='opencv-python', package=None, name='cv2') (ui_registration.py:49)
2022-02-12 22:17:39,785 - app - INFO - REGISTER BLENDARMOCAP INTERFACE (ui_registration.py:62)
2022-02-12 22:17:39,785 - app - DEBUG - <class '_blender.interface.properties.MyProperties'> (ui_registration.py:64)
2022-02-12 22:17:39,785 - app - DEBUG - <class '_blender.interface.ui_panels.UI_transfer_anim_button'> (ui_registration.py:64)
2022-02-12 22:17:39,785 - app - DEBUG - <class '_blender.interface.stream_detection_operator.WM_modal_detection_operator'> (ui_registration.py:64)
2022-02-12 22:17:39,785 - app - DEBUG - <class '_blender.interface.ui_panels.UI_PT_main_panel'> (ui_registration.py:64)
2022-02-12 22:17:40,554 - app - INFO - UNREGISTER BLENDARMOCAP (ui_registration.py:70)
2022-02-12 22:17:40,554 - app - DEBUG - <class '_blender.interface.ui_preferences.PREFERENCES_OT_install_dependencies_button'> (ui_registration.py:72)
2022-02-12 22:17:40,554 - app - DEBUG - <class '_blender.interface.ui_preferences.BLENDARMOCAP_preferences'> (ui_registration.py:72)
2022-02-12 22:17:40,554 - app - DEBUG - <class '_blender.interface.ui_panels.UI_PT_warning_panel'> (ui_registration.py:72)
2022-02-12 22:17:40,554 - app - INFO - UNREGISTER BLENDARMOCAP WITH ACTIVE DEPENDENCIES (ui_registration.py:76)
2022-02-12 22:17:40,554 - app - DEBUG - <class '_blender.interface.ui_panels.UI_PT_main_panel'> (ui_registration.py:79)
2022-02-12 22:17:40,554 - app - DEBUG - <class '_blender.interface.stream_detection_operator.WM_modal_detection_operator'> (ui_registration.py:79)
2022-02-12 22:17:40,554 - app - DEBUG - <class '_blender.interface.ui_panels.UI_transfer_anim_button'> (ui_registration.py:79)
2022-02-12 22:17:40,554 - app - DEBUG - <class '_blender.interface.properties.MyProperties'> (ui_registration.py:79)
2022-02-13 00:40:06,195 - app - DEBUG - REGISTERING BLENDARMOCAP (ui_registration.py:40)
2022-02-13 00:40:06,195 - app - DEBUG - <class '_blender.interface.ui_preferences.PREFERENCES_OT_install_dependencies_button'> (ui_registration.py:43)
2022-02-13 00:40:06,195 - app - DEBUG - <class '_blender.interface.ui_preferences.BLENDARMOCAP_preferences'> (ui_registration.py:43)
2022-02-13 00:40:06,196 - app - DEBUG - <class '_blender.interface.ui_panels.UI_PT_warning_panel'> (ui_registration.py:43)
2022-02-13 00:40:06,196 - app - DEBUG - TRY ACCESS INSTALLED DEPENDENCIES (ui_registration.py:47)
2022-02-13 00:40:06,196 - app - DEBUG - Dependency(module='mediapipe', package=None, name=None) (ui_registration.py:49)
2022-02-13 00:40:07,021 - app - DEBUG - Dependency(module='opencv-python', package=None, name='cv2') (ui_registration.py:49)
2022-02-13 00:40:07,021 - app - INFO - REGISTER BLENDARMOCAP INTERFACE (ui_registration.py:62)
2022-02-13 00:40:07,021 - app - DEBUG - <class '_blender.interface.properties.MyProperties'> (ui_registration.py:64)
2022-02-13 00:40:07,021 - app - DEBUG - <class '_blender.interface.ui_panels.UI_transfer_anim_button'> (ui_registration.py:64)
2022-02-13 00:40:07,021 - app - DEBUG - <class '_blender.interface.stream_detection_operator.WM_modal_detection_operator'> (ui_registration.py:64)
2022-02-13 00:40:07,021 - app - DEBUG - <class '_blender.interface.ui_panels.UI_PT_main_panel'> (ui_registration.py:64)
2022-02-13 00:40:07,521 - app - INFO - UNREGISTER BLENDARMOCAP (ui_registration.py:70)
2022-02-13 00:40:07,521 - app - DEBUG - <class '_blender.interface.ui_preferences.PREFERENCES_OT_install_dependencies_button'> (ui_registration.py:72)
2022-02-13 00:40:07,521 - app - DEBUG - <class '_blender.interface.ui_preferences.BLENDARMOCAP_preferences'> (ui_registration.py:72)
2022-02-13 00:40:07,521 - app - DEBUG - <class '_blender.interface.ui_panels.UI_PT_warning_panel'> (ui_registration.py:72)
2022-02-13 00:40:07,521 - app - INFO - UNREGISTER BLENDARMOCAP WITH ACTIVE DEPENDENCIES (ui_registration.py:76)
2022-02-13 00:40:07,521 - app - DEBUG - <class '_blender.interface.ui_panels.UI_PT_main_panel'> (ui_registration.py:79)
2022-02-13 00:40:07,521 - app - DEBUG - <class '_blender.interface.stream_detection_operator.WM_modal_detection_operator'> (ui_registration.py:79)
2022-02-13 00:40:07,521 - app - DEBUG - <class '_blender.interface.ui_panels.UI_transfer_anim_button'> (ui_registration.py:79)
2022-02-13 00:40:07,521 - app - DEBUG - <class '_blender.interface.properties.MyProperties'> (ui_registration.py:79)
2022-02-13 00:40:08,521 - app - DEBUG - REGISTERING BLENDARMOCAP (ui_registration.py:40)
2022-02-13 00:40:08,521 - app - DEBUG - <class '_blender.interface.ui_preferences.PREFERENCES_OT_install_dependencies_button'> (ui_registration.py:43)
2022-02-13 00:40:08,521 - app - DEBUG - <class '_blender.interface.ui_preferences.BLENDARMOCAP_preferences'> (ui_registration.py:43)
2022-02-13 00:40:08,521 - app - DEBUG - <class '_blender.interface.ui_panels.UI_PT_warning_panel'> (ui_registration.py:43)
2022-02-13 00:40:08,521 - app - DEBUG - TRY ACCESS INSTALLED DEPENDENCIES (ui_registration.py:47)
2022-02-13 00:40:08,521 - app - DEBUG - Dependency(module='mediapipe', package=None, name=None) (ui_registration.py:49)
2022-02-13 00:40:09,321 - app - DEBUG - Dependency(module='opencv-python', package=None, name='cv2') (ui_registration.py:49)
2022-02-13 00:40:09,321 - app - INFO - REGISTER BLENDARMOCAP INTERFACE (ui_registration.py:62)
2022-02-13 00:40:09,321 - app - DEBUG - <class '_blender.interface.properties.MyProperties'> (ui_registration.py:64)
2022-02-13 00:40:09,321 - app - DEBUG - <class '_blender.interface.ui_panels.UI_transfer_anim_button'> (ui_registration.py:64)
2022-02-13 00:40:09,321 - app - DEBUG - <class '_blender.interface.stream_detection_operator.WM_modal_detection_operator'> (ui_registration.py:64)
2022-02-13 00:40:09,321 - app - DEBUG - <class '_blender.interface.ui_panels.UI_PT_main_panel'> (ui_registration.py:64)
2022-02-13 00:40:10,112 - app - INFO - UNREGISTER BLENDARMOCAP (ui_registration.py:70)
2022-02-13 00:40:10,112 - app - DEBUG - <class '_blender.interface.ui_preferences.PREFERENCES_OT_install_dependencies_button'> (ui_registration.py:72)
2022-02-13 00:40:10,112 - app - DEBUG - <class '_blender.interface.ui_preferences.BLENDARMOCAP_preferences'> (ui_registration.py:72)
2022-02-13 00:40:10,112 - app - DEBUG - <class '_blender.interface.ui_panels.UI_PT_warning_panel'> (ui_registration.py:72)
2022-02-13 00:40:10,112 - app - INFO - UNREGISTER BLENDARMOCAP WITH ACTIVE DEPENDENCIES (ui_registration.py:76)
2022-02-13 00:40:10,112 - app - DEBUG - <class '_blender.interface.ui_panels.UI_PT_main_panel'> (ui_registration.py:79)
2022-02-13 00:40:10,112 - app - DEBUG - <class '_blender.interface.stream_detection_operator.WM_modal_detection_operator'> (ui_registration.py:79)
2022-02-13 00:40:10,112 - app - DEBUG - <class '_blender.interface.ui_panels.UI_transfer_anim_button'> (ui_registration.py:79)
2022-02-13 00:40:10,112 - app - DEBUG - <class '_blender.interface.properties.MyProperties'> (ui_registration.py:79)
2022-02-13 00:50:34,134 - app - DEBUG - REGISTERING BLENDARMOCAP (ui_registration.py:40)
2022-02-13 00:50:34,134 - app - DEBUG - <class '_blender.interface.ui_preferences.PREFERENCES_OT_install_dependencies_button'> (ui_registration.py:43)
2022-02-13 00:50:34,134 - app - DEBUG - <class '_blender.interface.ui_preferences.BLENDARMOCAP_preferences'> (ui_registration.py:43)
2022-02-13 00:50:34,135 - app - DEBUG - <class '_blender.interface.ui_panels.UI_PT_warning_panel'> (ui_registration.py:43)
2022-02-13 00:50:34,135 - app - DEBUG - TRY ACCESS INSTALLED DEPENDENCIES (ui_registration.py:47)
2022-02-13 00:50:34,135 - app - DEBUG - Dependency(module='mediapipe', package=None, name=None) (ui_registration.py:49)
2022-02-13 00:50:35,042 - app - DEBUG - Dependency(module='opencv-python', package=None, name='cv2') (ui_registration.py:49)
2022-02-13 00:50:35,042 - app - INFO - REGISTER BLENDARMOCAP INTERFACE (ui_registration.py:62)
2022-02-13 00:50:35,042 - app - DEBUG - <class '_blender.interface.properties.MyProperties'> (ui_registration.py:64)
2022-02-13 00:50:35,043 - app - DEBUG - <class '_blender.interface.ui_panels.UI_transfer_anim_button'> (ui_registration.py:64)
2022-02-13 00:50:35,043 - app - DEBUG - <class '_blender.interface.stream_detection_operator.WM_modal_detection_operator'> (ui_registration.py:64)
2022-02-13 00:50:35,043 - app - DEBUG - <class '_blender.interface.ui_panels.UI_PT_main_panel'> (ui_registration.py:64)
2022-02-13 00:52:27,752 - app - INFO - UNREGISTER BLENDARMOCAP (ui_registration.py:70)
2022-02-13 00:52:27,752 - app - DEBUG - <class '_blender.interface.ui_preferences.PREFERENCES_OT_install_dependencies_button'> (ui_registration.py:72)
2022-02-13 00:52:27,752 - app - DEBUG - <class '_blender.interface.ui_preferences.BLENDARMOCAP_preferences'> (ui_registration.py:72)
2022-02-13 00:52:27,753 - app - DEBUG - <class '_blender.interface.ui_panels.UI_PT_warning_panel'> (ui_registration.py:72)
2022-02-13 00:52:27,753 - app - INFO - UNREGISTER BLENDARMOCAP WITH ACTIVE DEPENDENCIES (ui_registration.py:76)
2022-02-13 00:52:27,753 - app - DEBUG - <class '_blender.interface.ui_panels.UI_PT_main_panel'> (ui_registration.py:79)
2022-02-13 00:52:27,754 - app - DEBUG - <class '_blender.interface.stream_detection_operator.WM_modal_detection_operator'> (ui_registration.py:79)
2022-02-13 00:52:27,754 - app - DEBUG - <class '_blender.interface.ui_panels.UI_transfer_anim_button'> (ui_registration.py:79)
2022-02-13 00:52:27,754 - app - DEBUG - <class '_blender.interface.properties.MyProperties'> (ui_registration.py:79)
2022-02-13 00:55:04,017 - app - DEBUG - REGISTERING BLENDARMOCAP (ui_registration.py:40)
2022-02-13 00:55:04,018 - app - DEBUG - <class '_blender.interface.ui_preferences.PREFERENCES_OT_install_dependencies_button'> (ui_registration.py:43)
2022-02-13 00:55:04,018 - app - DEBUG - <class '_blender.interface.ui_preferences.BLENDARMOCAP_preferences'> (ui_registration.py:43)
2022-02-13 00:55:04,018 - app - DEBUG - <class '_blender.interface.ui_panels.UI_PT_warning_panel'> (ui_registration.py:43)
2022-02-13 00:55:04,018 - app - DEBUG - TRY ACCESS INSTALLED DEPENDENCIES (ui_registration.py:47)
2022-02-13 00:55:04,019 - app - DEBUG - Dependency(module='mediapipe', package=None, name=None) (ui_registration.py:49)
2022-02-13 00:55:04,915 - app - DEBUG - Dependency(module='opencv-python', package=None, name='cv2') (ui_registration.py:49)
2022-02-13 00:55:04,915 - app - INFO - REGISTER BLENDARMOCAP INTERFACE (ui_registration.py:62)
2022-02-13 00:55:04,915 - app - DEBUG - <class '_blender.interface.properties.MyProperties'> (ui_registration.py:64)
2022-02-13 00:55:04,916 - app - DEBUG - <class '_blender.interface.ui_panels.UI_transfer_anim_button'> (ui_registration.py:64)
2022-02-13 00:55:04,916 - app - DEBUG - <class '_blender.interface.stream_detection_operator.WM_modal_detection_operator'> (ui_registration.py:64)
2022-02-13 00:55:04,916 - app - DEBUG - <class '_blender.interface.ui_panels.UI_PT_main_panel'> (ui_registration.py:64)
2022-02-13 00:55:05,450 - app - INFO - UNREGISTER BLENDARMOCAP (ui_registration.py:70)
2022-02-13 00:55:05,450 - app - DEBUG - <class '_blender.interface.ui_preferences.PREFERENCES_OT_install_dependencies_button'> (ui_registration.py:72)
2022-02-13 00:55:05,451 - app - DEBUG - <class '_blender.interface.ui_preferences.BLENDARMOCAP_preferences'> (ui_registration.py:72)
2022-02-13 00:55:05,451 - app - DEBUG - <class '_blender.interface.ui_panels.UI_PT_warning_panel'> (ui_registration.py:72)
2022-02-13 00:55:05,451 - app - INFO - UNREGISTER BLENDARMOCAP WITH ACTIVE DEPENDENCIES (ui_registration.py:76)
2022-02-13 00:55:05,451 - app - DEBUG - <class '_blender.interface.ui_panels.UI_PT_main_panel'> (ui_registration.py:79)
2022-02-13 00:55:05,452 - app - DEBUG - <class '_blender.interface.stream_detection_operator.WM_modal_detection_operator'> (ui_registration.py:79)
2022-02-13 00:55:05,452 - app - DEBUG - <class '_blender.interface.ui_panels.UI_transfer_anim_button'> (ui_registration.py:79)
2022-02-13 00:55:05,452 - app - DEBUG - <class '_blender.interface.properties.MyProperties'> (ui_registration.py:79)
2022-02-13 01:57:26,431 - app - DEBUG - REGISTERING BLENDARMOCAP (ui_registration.py:40)
2022-02-13 01:57:26,431 - app - DEBUG - <class '_blender.interface.ui_preferences.PREFERENCES_OT_install_dependencies_button'> (ui_registration.py:43)
2022-02-13 01:57:26,431 - app - DEBUG - <class '_blender.interface.ui_preferences.BLENDARMOCAP_preferences'> (ui_registration.py:43)
2022-02-13 01:57:26,432 - app - DEBUG - <class '_blender.interface.ui_panels.UI_PT_warning_panel'> (ui_registration.py:43)
2022-02-13 01:57:26,432 - app - DEBUG - TRY ACCESS INSTALLED DEPENDENCIES (ui_registration.py:47)
2022-02-13 01:57:26,432 - app - DEBUG - Dependency(module='mediapipe', package=None, name=None) (ui_registration.py:49)
2022-02-13 01:57:27,256 - app - DEBUG - Dependency(module='opencv-python', package=None, name='cv2') (ui_registration.py:49)
2022-02-13 01:57:27,256 - app - INFO - REGISTER BLENDARMOCAP INTERFACE (ui_registration.py:62)
2022-02-13 01:57:27,256 - app - DEBUG - <class '_blender.interface.properties.MyProperties'> (ui_registration.py:64)
2022-02-13 01:57:27,256 - app - DEBUG - <class '_blender.interface.ui_panels.UI_transfer_anim_button'> (ui_registration.py:64)
2022-02-13 01:57:27,256 - app - DEBUG - <class '_blender.interface.stream_detection_operator.WM_modal_detection_operator'> (ui_registration.py:64)
2022-02-13 01:57:27,257 - app - DEBUG - <class '_blender.interface.ui_panels.UI_PT_main_panel'> (ui_registration.py:64)
2022-02-13 01:57:27,777 - app - INFO - UNREGISTER BLENDARMOCAP (ui_registration.py:70)
2022-02-13 01:57:27,777 - app - DEBUG - <class '_blender.interface.ui_preferences.PREFERENCES_OT_install_dependencies_button'> (ui_registration.py:72)
2022-02-13 01:57:27,778 - app - DEBUG - <class '_blender.interface.ui_preferences.BLENDARMOCAP_preferences'> (ui_registration.py:72)
2022-02-13 01:57:27,778 - app - DEBUG - <class '_blender.interface.ui_panels.UI_PT_warning_panel'> (ui_registration.py:72)
2022-02-13 01:57:27,778 - app - INFO - UNREGISTER BLENDARMOCAP WITH ACTIVE DEPENDENCIES (ui_registration.py:76)
2022-02-13 01:57:27,779 - app - DEBUG - <class '_blender.interface.ui_panels.UI_PT_main_panel'> (ui_registration.py:79)
2022-02-13 01:57:27,779 - app - DEBUG - <class '_blender.interface.stream_detection_operator.WM_modal_detection_operator'> (ui_registration.py:79)
2022-02-13 01:57:27,779 - app - DEBUG - <class '_blender.interface.ui_panels.UI_transfer_anim_button'> (ui_registration.py:79)
2022-02-13 01:57:27,779 - app - DEBUG - <class '_blender.interface.properties.MyProperties'> (ui_registration.py:79)
2022-02-13 02:03:54,199 - app - DEBUG - REGISTERING BLENDARMOCAP (ui_registration.py:40)
2022-02-13 02:03:54,200 - app - DEBUG - <class '_blender.interface.ui_preferences.PREFERENCES_OT_install_dependencies_button'> (ui_registration.py:43)
2022-02-13 02:03:54,200 - app - DEBUG - <class '_blender.interface.ui_preferences.BLENDARMOCAP_preferences'> (ui_registration.py:43)
2022-02-13 02:03:54,200 - app - DEBUG - <class '_blender.interface.ui_panels.UI_PT_warning_panel'> (ui_registration.py:43)
2022-02-13 02:03:54,200 - app - DEBUG - TRY ACCESS INSTALLED DEPENDENCIES (ui_registration.py:47)
2022-02-13 02:03:54,201 - app - DEBUG - Dependency(module='mediapipe', package=None, name=None) (ui_registration.py:49)
2022-02-13 02:03:55,027 - app - DEBUG - Dependency(module='opencv-python', package=None, name='cv2') (ui_registration.py:49)
2022-02-13 02:03:55,027 - app - INFO - REGISTER BLENDARMOCAP INTERFACE (ui_registration.py:62)
2022-02-13 02:03:55,028 - app - DEBUG - <class '_blender.interface.properties.MyProperties'> (ui_registration.py:64)
2022-02-13 02:03:55,028 - app - DEBUG - <class '_blender.interface.ui_panels.UI_transfer_anim_button'> (ui_registration.py:64)
2022-02-13 02:03:55,028 - app - DEBUG - <class '_blender.interface.stream_detection_operator.WM_modal_detection_operator'> (ui_registration.py:64)
2022-02-13 02:03:55,028 - app - DEBUG - <class '_blender.interface.ui_panels.UI_PT_main_panel'> (ui_registration.py:64)
2022-02-13 02:03:55,562 - app - INFO - UNREGISTER BLENDARMOCAP (ui_registration.py:70)
2022-02-13 02:03:55,563 - app - DEBUG - <class '_blender.interface.ui_preferences.PREFERENCES_OT_install_dependencies_button'> (ui_registration.py:72)
2022-02-13 02:03:55,563 - app - DEBUG - <class '_blender.interface.ui_preferences.BLENDARMOCAP_preferences'> (ui_registration.py:72)
2022-02-13 02:03:55,564 - app - DEBUG - <class '_blender.interface.ui_panels.UI_PT_warning_panel'> (ui_registration.py:72)
2022-02-13 02:03:55,564 - app - INFO - UNREGISTER BLENDARMOCAP WITH ACTIVE DEPENDENCIES (ui_registration.py:76)
2022-02-13 02:03:55,565 - app - DEBUG - <class '_blender.interface.ui_panels.UI_PT_main_panel'> (ui_registration.py:79)
2022-02-13 02:03:55,565 - app - DEBUG - <class '_blender.interface.stream_detection_operator.WM_modal_detection_operator'> (ui_registration.py:79)
2022-02-13 02:03:55,566 - app - DEBUG - <class '_blender.interface.ui_panels.UI_transfer_anim_button'> (ui_registration.py:79)
2022-02-13 02:03:55,566 - app - DEBUG - <class '_blender.interface.properties.MyProperties'> (ui_registration.py:79)
2022-02-13 02:16:20,757 - app - DEBUG - REGISTERING BLENDARMOCAP (ui_registration.py:40)
2022-02-13 02:16:20,757 - app - DEBUG - <class '_blender.interface.ui_preferences.PREFERENCES_OT_install_dependencies_button'> (ui_registration.py:43)
2022-02-13 02:16:20,758 - app - DEBUG - <class '_blender.interface.ui_preferences.BLENDARMOCAP_preferences'> (ui_registration.py:43)
2022-02-13 02:16:20,758 - app - DEBUG - <class '_blender.interface.ui_panels.UI_PT_warning_panel'> (ui_registration.py:43)
2022-02-13 02:16:20,758 - app - DEBUG - TRY ACCESS INSTALLED DEPENDENCIES (ui_registration.py:47)
2022-02-13 02:16:20,758 - app - DEBUG - Dependency(module='mediapipe', package=None, name=None) (ui_registration.py:49)
2022-02-13 02:16:21,606 - app - DEBUG - Dependency(module='opencv-python', package=None, name='cv2') (ui_registration.py:49)
2022-02-13 02:16:21,607 - app - INFO - REGISTER BLENDARMOCAP INTERFACE (ui_registration.py:62)
2022-02-13 02:16:21,607 - app - DEBUG - <class '_blender.interface.properties.MyProperties'> (ui_registration.py:64)
2022-02-13 02:16:21,607 - app - DEBUG - <class '_blender.interface.ui_panels.UI_transfer_anim_button'> (ui_registration.py:64)
2022-02-13 02:16:21,607 - app - DEBUG - <class '_blender.interface.stream_detection_operator.WM_modal_detection_operator'> (ui_registration.py:64)
2022-02-13 02:16:21,608 - app - DEBUG - <class '_blender.interface.ui_panels.UI_PT_main_panel'> (ui_registration.py:64)
2022-02-13 02:16:22,163 - app - INFO - UNREGISTER BLENDARMOCAP (ui_registration.py:70)
2022-02-13 02:16:22,163 - app - DEBUG - <class '_blender.interface.ui_preferences.PREFERENCES_OT_install_dependencies_button'> (ui_registration.py:72)
2022-02-13 02:16:22,163 - app - DEBUG - <class '_blender.interface.ui_preferences.BLENDARMOCAP_preferences'> (ui_registration.py:72)
2022-02-13 02:16:22,164 - app - DEBUG - <class '_blender.interface.ui_panels.UI_PT_warning_panel'> (ui_registration.py:72)
2022-02-13 02:16:22,164 - app - INFO - UNREGISTER BLENDARMOCAP WITH ACTIVE DEPENDENCIES (ui_registration.py:76)
2022-02-13 02:16:22,164 - app - DEBUG - <class '_blender.interface.ui_panels.UI_PT_main_panel'> (ui_registration.py:79)
2022-02-13 02:16:22,165 - app - DEBUG - <class '_blender.interface.stream_detection_operator.WM_modal_detection_operator'> (ui_registration.py:79)
2022-02-13 02:16:22,165 - app - DEBUG - <class '_blender.interface.ui_panels.UI_transfer_anim_button'> (ui_registration.py:79)
2022-02-13 02:16:22,165 - app - DEBUG - <class '_blender.interface.properties.MyProperties'> (ui_registration.py:79)
2022-02-13 02:50:55,191 - app - DEBUG - REGISTERING BLENDARMOCAP (ui_registration.py:40)
2022-02-13 02:50:55,192 - app - DEBUG - <class '_blender.interface.ui_preferences.PREFERENCES_OT_install_dependencies_button'> (ui_registration.py:43)
2022-02-13 02:50:55,193 - app - DEBUG - <class '_blender.interface.ui_preferences.BLENDARMOCAP_preferences'> (ui_registration.py:43)
2022-02-13 02:50:55,193 - app - DEBUG - <class '_blender.interface.ui_panels.UI_PT_warning_panel'> (ui_registration.py:43)
2022-02-13 02:50:55,193 - app - DEBUG - TRY ACCESS INSTALLED DEPENDENCIES (ui_registration.py:47)
2022-02-13 02:50:55,194 - app - DEBUG - Dependency(module='mediapipe', package=None, name=None) (ui_registration.py:49)
2022-02-13 02:50:58,655 - app - DEBUG - Dependency(module='opencv-python', package=None, name='cv2') (ui_registration.py:49)
2022-02-13 02:50:58,655 - app - INFO - REGISTER BLENDARMOCAP INTERFACE (ui_registration.py:62)
2022-02-13 02:50:58,656 - app - DEBUG - <class '_blender.interface.properties.MyProperties'> (ui_registration.py:64)
2022-02-13 02:50:58,656 - app - DEBUG - <class '_blender.interface.ui_panels.UI_transfer_anim_button'> (ui_registration.py:64)
2022-02-13 02:50:58,656 - app - DEBUG - <class '_blender.interface.stream_detection_operator.WM_modal_detection_operator'> (ui_registration.py:64)
2022-02-13 02:50:58,656 - app - DEBUG - <class '_blender.interface.ui_panels.UI_PT_main_panel'> (ui_registration.py:64)
2022-02-13 02:50:59,806 - app - INFO - UNREGISTER BLENDARMOCAP (ui_registration.py:70)
2022-02-13 02:50:59,806 - app - DEBUG - <class '_blender.interface.ui_preferences.PREFERENCES_OT_install_dependencies_button'> (ui_registration.py:72)
2022-02-13 02:50:59,807 - app - DEBUG - <class '_blender.interface.ui_preferences.BLENDARMOCAP_preferences'> (ui_registration.py:72)
2022-02-13 02:50:59,807 - app - DEBUG - <class '_blender.interface.ui_panels.UI_PT_warning_panel'> (ui_registration.py:72)
2022-02-13 02:50:59,808 - app - INFO - UNREGISTER BLENDARMOCAP WITH ACTIVE DEPENDENCIES (ui_registration.py:76)
2022-02-13 02:50:59,808 - app - DEBUG - <class '_blender.interface.ui_panels.UI_PT_main_panel'> (ui_registration.py:79)
2022-02-13 02:50:59,808 - app - DEBUG - <class '_blender.interface.stream_detection_operator.WM_modal_detection_operator'> (ui_registration.py:79)
2022-02-13 02:50:59,809 - app - DEBUG - <class '_blender.interface.ui_panels.UI_transfer_anim_button'> (ui_registration.py:79)
2022-02-13 02:50:59,809 - app - DEBUG - <class '_blender.interface.properties.MyProperties'> (ui_registration.py:79)
2022-02-13 02:58:23,953 - app - DEBUG - REGISTERING BLENDARMOCAP (ui_registration.py:40)
2022-02-13 02:58:23,953 - app - DEBUG - <class '_blender.interface.ui_preferences.PREFERENCES_OT_install_dependencies_button'> (ui_registration.py:43)
2022-02-13 02:58:23,953 - app - DEBUG - <class '_blender.interface.ui_preferences.BLENDARMOCAP_preferences'> (ui_registration.py:43)
2022-02-13 02:58:23,953 - app - DEBUG - <class '_blender.interface.ui_panels.UI_PT_warning_panel'> (ui_registration.py:43)
2022-02-13 02:58:23,954 - app - DEBUG - TRY ACCESS INSTALLED DEPENDENCIES (ui_registration.py:47)
2022-02-13 02:58:23,954 - app - DEBUG - Dependency(module='mediapipe', package=None, name=None) (ui_registration.py:49)
2022-02-13 02:58:24,795 - app - DEBUG - Dependency(module='opencv-python', package=None, name='cv2') (ui_registration.py:49)
2022-02-13 02:58:24,796 - app - INFO - REGISTER BLENDARMOCAP INTERFACE (ui_registration.py:62)
2022-02-13 02:58:24,796 - app - DEBUG - <class '_blender.interface.properties.MyProperties'> (ui_registration.py:64)
2022-02-13 02:58:24,796 - app - DEBUG - <class '_blender.interface.ui_panels.UI_transfer_anim_button'> (ui_registration.py:64)
2022-02-13 02:58:24,796 - app - DEBUG - <class '_blender.interface.stream_detection_operator.WM_modal_detection_operator'> (ui_registration.py:64)
2022-02-13 02:58:24,796 - app - DEBUG - <class '_blender.interface.ui_panels.UI_PT_main_panel'> (ui_registration.py:64)
2022-02-13 02:58:25,331 - app - INFO - UNREGISTER BLENDARMOCAP (ui_registration.py:70)
2022-02-13 02:58:25,332 - app - DEBUG - <class '_blender.interface.ui_preferences.PREFERENCES_OT_install_dependencies_button'> (ui_registration.py:72)
2022-02-13 02:58:25,332 - app - DEBUG - <class '_blender.interface.ui_preferences.BLENDARMOCAP_preferences'> (ui_registration.py:72)
2022-02-13 02:58:25,332 - app - DEBUG - <class '_blender.interface.ui_panels.UI_PT_warning_panel'> (ui_registration.py:72)
2022-02-13 02:58:25,333 - app - INFO - UNREGISTER BLENDARMOCAP WITH ACTIVE DEPENDENCIES (ui_registration.py:76)
2022-02-13 02:58:25,333 - app - DEBUG - <class '_blender.interface.ui_panels.UI_PT_main_panel'> (ui_registration.py:79)
2022-02-13 02:58:25,333 - app - DEBUG - <class '_blender.interface.stream_detection_operator.WM_modal_detection_operator'> (ui_registration.py:79)
2022-02-13 02:58:25,334 - app - DEBUG - <class '_blender.interface.ui_panels.UI_transfer_anim_button'> (ui_registration.py:79)
2022-02-13 02:58:25,334 - app - DEBUG - <class '_blender.interface.properties.MyProperties'> (ui_registration.py:79)
